2024-08-27T21:24:05.521+05:30  INFO 31620 --- [Vault] [main] com.app.Vault.VaultApplication           : Starting VaultApplication using Java 17.0.4 with PID 31620 (C:\Users\Kames\Downloads\Vault\Vault\target\classes started by Kames in C:\Users\Kames\Downloads\Vault\Vault)
2024-08-27T21:24:05.525+05:30  INFO 31620 --- [Vault] [main] com.app.Vault.VaultApplication           : No active profile set, falling back to 1 default profile: "default"
2024-08-27T21:24:06.847+05:30  INFO 31620 --- [Vault] [main] .s.d.r.c.RepositoryConfigurationDelegate : Bootstrapping Spring Data JPA repositories in DEFAULT mode.
2024-08-27T21:24:06.941+05:30  INFO 31620 --- [Vault] [main] .s.d.r.c.RepositoryConfigurationDelegate : Finished Spring Data repository scanning in 78 ms. Found 2 JPA repository interfaces.
2024-08-27T21:24:08.048+05:30  INFO 31620 --- [Vault] [main] o.s.b.w.embedded.tomcat.TomcatWebServer  : Tomcat initialized with port 8082 (http)
2024-08-27T21:24:08.064+05:30  INFO 31620 --- [Vault] [main] o.apache.catalina.core.StandardService   : Starting service [Tomcat]
2024-08-27T21:24:08.065+05:30  INFO 31620 --- [Vault] [main] o.apache.catalina.core.StandardEngine    : Starting Servlet engine: [Apache Tomcat/10.1.25]
2024-08-27T21:24:08.199+05:30  INFO 31620 --- [Vault] [main] o.a.c.c.C.[Tomcat].[localhost].[/]       : Initializing Spring embedded WebApplicationContext
2024-08-27T21:24:08.200+05:30  INFO 31620 --- [Vault] [main] w.s.c.ServletWebServerApplicationContext : Root WebApplicationContext: initialization completed in 2607 ms
2024-08-27T21:24:08.637+05:30  INFO 31620 --- [Vault] [main] o.hibernate.jpa.internal.util.LogHelper  : HHH000204: Processing PersistenceUnitInfo [name: default]
2024-08-27T21:24:08.722+05:30  INFO 31620 --- [Vault] [main] org.hibernate.Version                    : HHH000412: Hibernate ORM core version 6.5.2.Final
2024-08-27T21:24:08.781+05:30  INFO 31620 --- [Vault] [main] o.h.c.internal.RegionFactoryInitiator    : HHH000026: Second-level cache disabled
2024-08-27T21:24:09.273+05:30  INFO 31620 --- [Vault] [main] o.s.o.j.p.SpringPersistenceUnitInfo      : No LoadTimeWeaver setup: ignoring JPA class transformer
2024-08-27T21:24:09.918+05:30  WARN 31620 --- [Vault] [main] org.hibernate.orm.deprecation            : HHH90000025: MySQL8Dialect does not need to be specified explicitly using 'hibernate.dialect' (remove the property setting and it will be selected by default)
2024-08-27T21:24:09.921+05:30  WARN 31620 --- [Vault] [main] org.hibernate.orm.deprecation            : HHH90000026: MySQL8Dialect has been deprecated; use org.hibernate.dialect.MySQLDialect instead
2024-08-27T21:24:11.334+05:30  INFO 31620 --- [Vault] [main] o.h.e.t.j.p.i.JtaPlatformInitiator       : HHH000489: No JTA platform available (set 'hibernate.transaction.jta.platform' to enable JTA platform integration)
2024-08-27T21:24:11.467+05:30  INFO 31620 --- [Vault] [main] j.LocalContainerEntityManagerFactoryBean : Initialized JPA EntityManagerFactory for persistence unit 'default'
2024-08-27T21:24:11.941+05:30  WARN 31620 --- [Vault] [main] JpaBaseConfiguration$JpaWebConfiguration : spring.jpa.open-in-view is enabled by default. Therefore, database queries may be performed during view rendering. Explicitly configure spring.jpa.open-in-view to disable this warning
2024-08-27T21:24:12.186+05:30  INFO 31620 --- [Vault] [main] r$InitializeUserDetailsManagerConfigurer : Global AuthenticationManager configured with UserDetailsService bean with name userDetailsService
2024-08-27T21:24:12.813+05:30  INFO 31620 --- [Vault] [main] o.s.b.a.e.web.EndpointLinksResolver      : Exposing 1 endpoint beneath base path '/actuator'
2024-08-27T21:24:13.555+05:30  INFO 31620 --- [Vault] [main] o.s.b.w.embedded.tomcat.TomcatWebServer  : Tomcat started on port 8082 (http) with context path '/'
2024-08-27T21:24:13.582+05:30  INFO 31620 --- [Vault] [main] com.app.Vault.VaultApplication           : Started VaultApplication in 8.734 seconds (process running for 9.933)
2024-08-27T21:25:38.478+05:30  INFO 31620 --- [Vault] [RMI TCP Connection(7)-127.0.0.1] inMXBeanRegistrar$SpringApplicationAdmin : Application shutdown requested.
2024-08-27T21:25:38.757+05:30  INFO 31620 --- [Vault] [RMI TCP Connection(7)-127.0.0.1] j.LocalContainerEntityManagerFactoryBean : Closing JPA EntityManagerFactory for persistence unit 'default'
